<?xml version="1.0" encoding="UTF-8"?>
<testsuites name="jest tests" tests="3" failures="0" errors="0" time="31.492">
  <testsuite name="Landing View" errors="0" failures="0" skipped="0" timestamp="2022-04-02T22:24:59" time="7.71" tests="3">
    <testcase classname="Landing View snapshot should match snapshot" name="Landing View snapshot should match snapshot" time="0.499">
    </testcase>
    <testcase classname="Landing View methods handleAuthCardClick should execute router push with the right parameters" name="Landing View methods handleAuthCardClick should execute router push with the right parameters" time="0.466">
    </testcase>
    <testcase classname="Landing View methods handleIPassClick should execute router push with welcome route name" name="Landing View methods handleIPassClick should execute router push with welcome route name" time="0.476">
    </testcase>
  </testsuite>
</testsuites>