<?xml version="1.0" encoding="UTF-8"?>
<testsuites name="jest tests" tests="21" failures="0" errors="0" time="32.541">
  <testsuite name="Login Icon View" errors="0" failures="0" skipped="0" timestamp="2022-04-03T19:47:03" time="6.581" tests="14">
    <testcase classname="Login Icon View snapshot should match snapshot" name="Login Icon View snapshot should match snapshot" time="0.199">
    </testcase>
    <testcase classname="Login Icon View data rules userNameRules should return a message if the userName is not defined" name="Login Icon View data rules userNameRules should return a message if the userName is not defined" time="0.092">
    </testcase>
    <testcase classname="Login Icon View data rules userNameRules should return a message if the userName is longer than 10 characters" name="Login Icon View data rules userNameRules should return a message if the userName is longer than 10 characters" time="0.093">
    </testcase>
    <testcase classname="Login Icon View methods handleBackBtnClick should call router push with the corresponding parameters" name="Login Icon View methods handleBackBtnClick should call router push with the corresponding parameters" time="0.107">
    </testcase>
    <testcase classname="Login Icon View methods handleIconCategoryChange should make the logo invisible and set the current icons to the corresponding value" name="Login Icon View methods handleIconCategoryChange should make the logo invisible and set the current icons to the corresponding value" time="0.073">
    </testcase>
    <testcase classname="Login Icon View methods handleIconClick should make the logo invisible and update the icon passes if the pass is not long enough" name="Login Icon View methods handleIconClick should make the logo invisible and update the icon passes if the pass is not long enough" time="0.108">
    </testcase>
    <testcase classname="Login Icon View methods should check the password strength if the pass is complete" name="Login Icon View methods should check the password strength if the pass is complete" time="0.136">
    </testcase>
    <testcase classname="Login Icon View methods handleClearBtnClick should reset all data props related to the pass" name="Login Icon View methods handleClearBtnClick should reset all data props related to the pass" time="0.108">
    </testcase>
    <testcase classname="Login Icon View methods submitLogin should call fetchLogin with the user input" name="Login Icon View methods submitLogin should call fetchLogin with the user input" time="0.174">
    </testcase>
    <testcase classname="Login Icon View methods handleLoginBtnClick should submit login if the form is valid" name="Login Icon View methods handleLoginBtnClick should submit login if the form is valid" time="0.088">
    </testcase>
    <testcase classname="Login Icon View methods handleLoginBtnClick should reset the form if it is not valid" name="Login Icon View methods handleLoginBtnClick should reset the form if it is not valid" time="0.081">
    </testcase>
    <testcase classname="Login Icon View computed iconsScrollSize should return 400 when being on larger viewports" name="Login Icon View computed iconsScrollSize should return 400 when being on larger viewports" time="0.067">
    </testcase>
    <testcase classname="Login Icon View computed iconsScrollSize should return 200 when being on smaller viewports" name="Login Icon View computed iconsScrollSize should return 200 when being on smaller viewports" time="0.073">
    </testcase>
    <testcase classname="Login Icon View computed onLargerViewPort should return true for lg or xl breakpoint" name="Login Icon View computed onLargerViewPort should return true for lg or xl breakpoint" time="0.077">
    </testcase>
  </testsuite>
  <testsuite name="Wrapper View" errors="0" failures="0" skipped="0" timestamp="2022-04-03T19:47:03" time="6.996" tests="1">
    <testcase classname="Wrapper View snapshot should match snapshot" name="Wrapper View snapshot should match snapshot" time="0.074">
    </testcase>
  </testsuite>
  <testsuite name="Landing View" errors="0" failures="0" skipped="0" timestamp="2022-04-03T19:47:03" time="7.232" tests="2">
    <testcase classname="Landing View snapshot should match snapshot" name="Landing View snapshot should match snapshot" time="0.096">
    </testcase>
    <testcase classname="Landing View methods handleButtonClick should execute router push with the right parameters" name="Landing View methods handleButtonClick should execute router push with the right parameters" time="0.034">
    </testcase>
  </testsuite>
  <testsuite name="LearnMore View" errors="0" failures="0" skipped="0" timestamp="2022-04-03T19:47:03" time="7.195" tests="1">
    <testcase classname="LearnMore View snapshot should match snapshot" name="LearnMore View snapshot should match snapshot" time="0.054">
    </testcase>
  </testsuite>
  <testsuite name="Landing View" errors="0" failures="0" skipped="0" timestamp="2022-04-03T19:47:03" time="7.46" tests="3">
    <testcase classname="Landing View snapshot should match snapshot" name="Landing View snapshot should match snapshot" time="0.13">
    </testcase>
    <testcase classname="Landing View methods handleAuthCardClick should execute router push with the right parameters" name="Landing View methods handleAuthCardClick should execute router push with the right parameters" time="0.043">
    </testcase>
    <testcase classname="Landing View methods handleIPassClick should execute router push with welcome route name" name="Landing View methods handleIPassClick should execute router push with welcome route name" time="0.047">
    </testcase>
  </testsuite>
</testsuites>