<?xml version="1.0" encoding="UTF-8"?>
<testsuites name="jest tests" tests="25" failures="0" errors="0" time="44.221">
  <testsuite name="mutations of module icons" errors="0" failures="0" skipped="0" timestamp="2022-04-03T20:38:46" time="14.098" tests="1">
    <testcase classname="mutations of module icons setIconsCategories should change the state to the specified iconsCategories" name="mutations of module icons setIconsCategories should change the state to the specified iconsCategories" time="0.013">
    </testcase>
  </testsuite>
  <testsuite name="actions" errors="0" failures="0" skipped="0" timestamp="2022-04-03T20:38:46" time="14.241" tests="1">
    <testcase classname="actions fetchIconsCategories with a valid response should commit the setIconsCategories mutation with a valid payload" name="actions fetchIconsCategories with a valid response should commit the setIconsCategories mutation with a valid payload" time="0.04">
    </testcase>
  </testsuite>
  <testsuite name="Landing View" errors="0" failures="0" skipped="0" timestamp="2022-04-03T20:38:45" time="14.643" tests="2">
    <testcase classname="Landing View snapshot should match snapshot" name="Landing View snapshot should match snapshot" time="0.229">
    </testcase>
    <testcase classname="Landing View methods handleButtonClick should execute router push with the right parameters" name="Landing View methods handleButtonClick should execute router push with the right parameters" time="0.05">
    </testcase>
  </testsuite>
  <testsuite name="LearnMore View" errors="0" failures="0" skipped="0" timestamp="2022-04-03T20:38:46" time="14.626" tests="1">
    <testcase classname="LearnMore View snapshot should match snapshot" name="LearnMore View snapshot should match snapshot" time="0.134">
    </testcase>
  </testsuite>
  <testsuite name="Wrapper View" errors="0" failures="0" skipped="0" timestamp="2022-04-03T20:38:46" time="14.615" tests="1">
    <testcase classname="Wrapper View snapshot should match snapshot" name="Wrapper View snapshot should match snapshot" time="0.127">
    </testcase>
  </testsuite>
  <testsuite name="Landing View" errors="0" failures="0" skipped="0" timestamp="2022-04-03T20:38:45" time="15.127" tests="3">
    <testcase classname="Landing View snapshot should match snapshot" name="Landing View snapshot should match snapshot" time="0.292">
    </testcase>
    <testcase classname="Landing View methods handleAuthCardClick should execute router push with the right parameters" name="Landing View methods handleAuthCardClick should execute router push with the right parameters" time="0.103">
    </testcase>
    <testcase classname="Landing View methods handleIPassClick should execute router push with welcome route name" name="Landing View methods handleIPassClick should execute router push with welcome route name" time="0.108">
    </testcase>
  </testsuite>
  <testsuite name="getters of module icons" errors="0" failures="0" skipped="0" timestamp="2022-04-03T20:39:00" time="0.725" tests="2">
    <testcase classname="getters of module icons iconsCategories should get the iconsCategories" name="getters of module icons iconsCategories should get the iconsCategories" time="0.01">
    </testcase>
    <testcase classname="getters of module icons iconCategoriesSorted should get the iconsCategories sorted by the value" name="getters of module icons iconCategoriesSorted should get the iconsCategories sorted by the value" time="0.005">
    </testcase>
  </testsuite>
  <testsuite name="Login Icon View" errors="0" failures="0" skipped="0" timestamp="2022-04-03T20:38:45" time="18.503" tests="14">
    <testcase classname="Login Icon View snapshot should match snapshot" name="Login Icon View snapshot should match snapshot" time="0.167">
    </testcase>
    <testcase classname="Login Icon View data rules userNameRules should return a message if the userName is not defined" name="Login Icon View data rules userNameRules should return a message if the userName is not defined" time="0.055">
    </testcase>
    <testcase classname="Login Icon View data rules userNameRules should return a message if the userName is longer than 10 characters" name="Login Icon View data rules userNameRules should return a message if the userName is longer than 10 characters" time="0.054">
    </testcase>
    <testcase classname="Login Icon View methods handleBackBtnClick should call router push with the corresponding parameters" name="Login Icon View methods handleBackBtnClick should call router push with the corresponding parameters" time="0.068">
    </testcase>
    <testcase classname="Login Icon View methods handleIconCategoryChange should make the logo invisible and set the current icons to the corresponding value" name="Login Icon View methods handleIconCategoryChange should make the logo invisible and set the current icons to the corresponding value" time="0.064">
    </testcase>
    <testcase classname="Login Icon View methods handleIconClick should make the logo invisible and update the icon passes if the pass is not long enough" name="Login Icon View methods handleIconClick should make the logo invisible and update the icon passes if the pass is not long enough" time="0.058">
    </testcase>
    <testcase classname="Login Icon View methods should check the password strength if the pass is complete" name="Login Icon View methods should check the password strength if the pass is complete" time="0.062">
    </testcase>
    <testcase classname="Login Icon View methods handleClearBtnClick should reset all data props related to the pass" name="Login Icon View methods handleClearBtnClick should reset all data props related to the pass" time="0.047">
    </testcase>
    <testcase classname="Login Icon View methods submitLogin should call fetchLogin with the user input" name="Login Icon View methods submitLogin should call fetchLogin with the user input" time="0.059">
    </testcase>
    <testcase classname="Login Icon View methods handleLoginBtnClick should submit login if the form is valid" name="Login Icon View methods handleLoginBtnClick should submit login if the form is valid" time="0.053">
    </testcase>
    <testcase classname="Login Icon View methods handleLoginBtnClick should reset the form if it is not valid" name="Login Icon View methods handleLoginBtnClick should reset the form if it is not valid" time="0.052">
    </testcase>
    <testcase classname="Login Icon View computed iconsScrollSize should return 400 when being on larger viewports" name="Login Icon View computed iconsScrollSize should return 400 when being on larger viewports" time="0.043">
    </testcase>
    <testcase classname="Login Icon View computed iconsScrollSize should return 200 when being on smaller viewports" name="Login Icon View computed iconsScrollSize should return 200 when being on smaller viewports" time="0.039">
    </testcase>
    <testcase classname="Login Icon View computed onLargerViewPort should return true for lg or xl breakpoint" name="Login Icon View computed onLargerViewPort should return true for lg or xl breakpoint" time="0.041">
    </testcase>
  </testsuite>
</testsuites>