<?xml version="1.0" encoding="UTF-8"?>
<testsuites name="jest tests" tests="46" failures="0" errors="0" time="11.616">
  <testsuite name="mutations of module icons" errors="0" failures="0" skipped="0" timestamp="2022-07-02T13:03:20" time="4.048" tests="1">
    <testcase classname="mutations of module icons setIconsCategories should change the state to the specified iconsCategories" name="mutations of module icons setIconsCategories should change the state to the specified iconsCategories" time="0.002">
    </testcase>
  </testsuite>
  <testsuite name="getters of module icons" errors="0" failures="0" skipped="0" timestamp="2022-07-02T13:03:20" time="4.041" tests="2">
    <testcase classname="getters of module icons iconsCategories should get the iconsCategories" name="getters of module icons iconsCategories should get the iconsCategories" time="0.002">
    </testcase>
    <testcase classname="getters of module icons iconCategoriesSorted should get the iconsCategories sorted by the value" name="getters of module icons iconCategoriesSorted should get the iconsCategories sorted by the value" time="0.001">
    </testcase>
  </testsuite>
  <testsuite name="actions" errors="0" failures="0" skipped="0" timestamp="2022-07-02T13:03:20" time="4.069" tests="1">
    <testcase classname="actions fetchIconsCategories with a valid response should commit the setIconsCategories mutation with a valid payload" name="actions fetchIconsCategories with a valid response should commit the setIconsCategories mutation with a valid payload" time="0.005">
    </testcase>
  </testsuite>
  <testsuite name="LearnMore View" errors="0" failures="0" skipped="0" timestamp="2022-07-02T13:03:20" time="4.148" tests="1">
    <testcase classname="LearnMore View snapshot should match snapshot" name="LearnMore View snapshot should match snapshot" time="0.027">
    </testcase>
  </testsuite>
  <testsuite name="Landing View" errors="0" failures="0" skipped="0" timestamp="2022-07-02T13:03:20" time="4.127" tests="2">
    <testcase classname="Landing View snapshot should match snapshot" name="Landing View snapshot should match snapshot" time="0.045">
    </testcase>
    <testcase classname="Landing View methods handleButtonClick should execute router push with the right parameters" name="Landing View methods handleButtonClick should execute router push with the right parameters" time="0.007">
    </testcase>
  </testsuite>
  <testsuite name="Login View" errors="0" failures="0" skipped="0" timestamp="2022-07-02T13:03:20" time="4.203" tests="3">
    <testcase classname="Login View snapshot should match snapshot" name="Login View snapshot should match snapshot" time="0.055">
    </testcase>
    <testcase classname="Login View methods handleAuthCardClick should execute router push with the right parameters" name="Login View methods handleAuthCardClick should execute router push with the right parameters" time="0.014">
    </testcase>
    <testcase classname="Login View methods handleIPassClick should execute router push with welcome route name" name="Login View methods handleIPassClick should execute router push with welcome route name" time="0.025">
    </testcase>
  </testsuite>
  <testsuite name="Wrapper View" errors="0" failures="0" skipped="0" timestamp="2022-07-02T13:03:20" time="4.206" tests="1">
    <testcase classname="Wrapper View snapshot should match snapshot" name="Wrapper View snapshot should match snapshot" time="0.02">
    </testcase>
  </testsuite>
  <testsuite name="SignUp View" errors="0" failures="0" skipped="0" timestamp="2022-07-02T13:03:20" time="4.221" tests="6">
    <testcase classname="SignUp View snapshot should match snapshot" name="SignUp View snapshot should match snapshot" time="0.068">
    </testcase>
    <testcase classname="SignUp View methods handleSignupCardClick should execute router push with the right parameters" name="SignUp View methods handleSignupCardClick should execute router push with the right parameters" time="0.03">
    </testcase>
    <testcase classname="SignUp View methods handleAuthCardClick should execute router push with the right parameters" name="SignUp View methods handleAuthCardClick should execute router push with the right parameters" time="0.02">
    </testcase>
    <testcase classname="SignUp View methods handleIPassClick should execute router push with welcome route name" name="SignUp View methods handleIPassClick should execute router push with welcome route name" time="0.012">
    </testcase>
    <testcase classname="SignUp View computed avatarSize should return 100 when being on smaller viewports" name="SignUp View computed avatarSize should return 100 when being on smaller viewports" time="0.013">
    </testcase>
    <testcase classname="SignUp View computed avatarSize should return 150 when being on larger viewports" name="SignUp View computed avatarSize should return 150 when being on larger viewports" time="0.02">
    </testcase>
  </testsuite>
  <testsuite name="Login Icon View" errors="0" failures="0" skipped="0" timestamp="2022-07-02T13:03:20" time="4.482" tests="14">
    <testcase classname="Login Icon View snapshot should match snapshot" name="Login Icon View snapshot should match snapshot" time="0.069">
    </testcase>
    <testcase classname="Login Icon View data rules userNameRules should return a message if the userName is not defined" name="Login Icon View data rules userNameRules should return a message if the userName is not defined" time="0.032">
    </testcase>
    <testcase classname="Login Icon View data rules userNameRules should return a message if the userName is longer than 10 characters" name="Login Icon View data rules userNameRules should return a message if the userName is longer than 10 characters" time="0.031">
    </testcase>
    <testcase classname="Login Icon View methods handleBackBtnClick should call router push with the corresponding parameters" name="Login Icon View methods handleBackBtnClick should call router push with the corresponding parameters" time="0.026">
    </testcase>
    <testcase classname="Login Icon View methods handleIconCategoryChange should make the logo invisible and set the current icons to the corresponding value" name="Login Icon View methods handleIconCategoryChange should make the logo invisible and set the current icons to the corresponding value" time="0.022">
    </testcase>
    <testcase classname="Login Icon View methods handleIconClick should make the logo invisible and update the icon passes if the pass is not long enough" name="Login Icon View methods handleIconClick should make the logo invisible and update the icon passes if the pass is not long enough" time="0.024">
    </testcase>
    <testcase classname="Login Icon View methods should check the password strength if the pass is complete" name="Login Icon View methods should check the password strength if the pass is complete" time="0.028">
    </testcase>
    <testcase classname="Login Icon View methods handleClearBtnClick should reset all data props related to the pass" name="Login Icon View methods handleClearBtnClick should reset all data props related to the pass" time="0.017">
    </testcase>
    <testcase classname="Login Icon View methods submitLogin should call fetchLogin with the user input" name="Login Icon View methods submitLogin should call fetchLogin with the user input" time="0.022">
    </testcase>
    <testcase classname="Login Icon View methods handleLoginBtnClick should submit login if the form is valid" name="Login Icon View methods handleLoginBtnClick should submit login if the form is valid" time="0.016">
    </testcase>
    <testcase classname="Login Icon View methods handleLoginBtnClick should reset the form if it is not valid" name="Login Icon View methods handleLoginBtnClick should reset the form if it is not valid" time="0.018">
    </testcase>
    <testcase classname="Login Icon View computed iconsScrollSize should return 400 when being on larger viewports" name="Login Icon View computed iconsScrollSize should return 400 when being on larger viewports" time="0.015">
    </testcase>
    <testcase classname="Login Icon View computed iconsScrollSize should return 200 when being on smaller viewports" name="Login Icon View computed iconsScrollSize should return 200 when being on smaller viewports" time="0.012">
    </testcase>
    <testcase classname="Login Icon View computed onLargerViewPort should return true for lg or xl breakpoint" name="Login Icon View computed onLargerViewPort should return true for lg or xl breakpoint" time="0.016">
    </testcase>
  </testsuite>
  <testsuite name="Login Icon View" errors="0" failures="0" skipped="0" timestamp="2022-07-02T13:03:20" time="4.483" tests="15">
    <testcase classname="Login Icon View snapshot should match snapshot" name="Login Icon View snapshot should match snapshot" time="0.091">
    </testcase>
    <testcase classname="Login Icon View data rules nameRules should return a message if the name is not defined" name="Login Icon View data rules nameRules should return a message if the name is not defined" time="0.026">
    </testcase>
    <testcase classname="Login Icon View data rules nameRules should return a message if the name is longer than 20 characters" name="Login Icon View data rules nameRules should return a message if the name is longer than 20 characters" time="0.027">
    </testcase>
    <testcase classname="Login Icon View data rules userNameRules should return a message if the userName is not defined" name="Login Icon View data rules userNameRules should return a message if the userName is not defined" time="0.022">
    </testcase>
    <testcase classname="Login Icon View data rules userNameRules should return a message if the userName is longer than 10 characters" name="Login Icon View data rules userNameRules should return a message if the userName is longer than 10 characters" time="0.02">
    </testcase>
    <testcase classname="Login Icon View data rules emailRules should return a message if the email is not defined" name="Login Icon View data rules emailRules should return a message if the email is not defined" time="0.018">
    </testcase>
    <testcase classname="Login Icon View data rules emailRules should return a message if the email is not in a correct format" name="Login Icon View data rules emailRules should return a message if the email is not in a correct format" time="0.02">
    </testcase>
    <testcase classname="Login Icon View methods handleBackBtnClick should call router push with the corresponding parameters" name="Login Icon View methods handleBackBtnClick should call router push with the corresponding parameters" time="0.018">
    </testcase>
    <testcase classname="Login Icon View methods handleIconCategoryChange should make the logo invisible and set the current icons to the corresponding value" name="Login Icon View methods handleIconCategoryChange should make the logo invisible and set the current icons to the corresponding value" time="0.021">
    </testcase>
    <testcase classname="Login Icon View methods handleIconClick should make the logo invisible and update the icon passes if the pass is not long enough" name="Login Icon View methods handleIconClick should make the logo invisible and update the icon passes if the pass is not long enough" time="0.021">
    </testcase>
    <testcase classname="Login Icon View methods should check the password strength if the pass is complete" name="Login Icon View methods should check the password strength if the pass is complete" time="0.027">
    </testcase>
    <testcase classname="Login Icon View methods handleClearBtnClick should reset all data props related to the pass" name="Login Icon View methods handleClearBtnClick should reset all data props related to the pass" time="0.02">
    </testcase>
    <testcase classname="Login Icon View methods submitSignup should call fetchSignup with the user input" name="Login Icon View methods submitSignup should call fetchSignup with the user input" time="0.015">
    </testcase>
    <testcase classname="Login Icon View methods handleSignupBtnClick should submit signup if the form is valid" name="Login Icon View methods handleSignupBtnClick should submit signup if the form is valid" time="0.017">
    </testcase>
    <testcase classname="Login Icon View methods handleSignupBtnClick should reset the form if it is not valid" name="Login Icon View methods handleSignupBtnClick should reset the form if it is not valid" time="0.016">
    </testcase>
  </testsuite>
</testsuites>